<?xml version="1.0" encoding="UTF-8"?>
<testsuite name="MTStressTest" tests="1" skipped="0" failures="0" errors="0" timestamp="2021-01-17T13:34:46" hostname="DESKTOP-CCHU3O9" time="23.298">
  <properties/>
  <testcase name="testStress" classname="MTStressTest" time="23.298"/>
  <system-out><![CDATA[Phase # 1 - done      2,071 ops (warm up)
Phase # 2 - done      1,215 ops (warm up)
Phase # 3 - done      2,211 ops (warm up)
Phase # 4 - done      2,177 ops (warm up)
Phase # 5 - done      1,917 ops (warm up)
Phase # 6 - done        950 ops (measure)
Phase # 7 - done      2,641 ops (measure)
Phase # 8 - done      1,659 ops (measure)
Phase # 9 - done      2,162 ops (measure)
Phase #10 - done      2,100 ops (measure)
Average ops per phase: 1,902 +- 636
]]></system-out>
  <system-err><![CDATA[]]></system-err>
</testsuite>
